<?xml version="1.0" encoding="UTF-8"?>
<!-- Generated by org.testng.reporters.JUnitReportReporter -->
<testsuite hostname="USHYDLTATAVAR1" name="com.facebook.Testcases.VerifyRadioButton" tests="1" failures="0" timestamp="3 Aug 2019 18:03:30 GMT" time="15.976" errors="0">
  <testcase name="verifyRadioButton" time="15.976" classname="com.facebook.Testcases.VerifyRadioButton"/>
</testsuite> <!-- com.facebook.Testcases.VerifyRadioButton -->
