<?xml version="1.0" encoding="UTF-8"?>
<!-- Generated by org.testng.reporters.JUnitReportReporter -->
<testsuite hostname="USHYDLTATAVAR1" name="com.facebook.Testcases.VerifyHomePage" tests="1" failures="0" timestamp="3 Aug 2019 18:08:56 GMT" time="9.568" errors="0">
  <testcase name="verifyHomePage" time="9.568" classname="com.facebook.Testcases.VerifyHomePage"/>
</testsuite> <!-- com.facebook.Testcases.VerifyHomePage -->
