<?xml version="1.0" encoding="UTF-8"?>
<!-- Generated by org.testng.reporters.JUnitReportReporter -->
<testsuite hostname="USHYDLTATAVAR1" name="com.facebook.Testcases.VerifySelectClass" tests="1" failures="0" timestamp="31 Aug 2019 08:54:55 GMT" time="14.749" errors="0">
  <testcase name="verifyRadioButton" time="14.749" classname="com.facebook.Testcases.VerifySelectClass"/>
</testsuite> <!-- com.facebook.Testcases.VerifySelectClass -->
