<?xml version="1.0" encoding="UTF-8"?>
<!-- Generated by org.testng.reporters.JUnitReportReporter -->
<testsuite hostname="USHYDLTATAVAR1" name="com.facebookPom.pages.Drag_Drop" tests="2" failures="0" timestamp="31 Aug 2019 08:53:12 GMT" time="26.446" errors="0">
  <testcase name="dragAndDrop" time="12.477" classname="com.facebookPom.pages.Drag_Drop"/>
  <testcase name="dragAndDrop_Coordinates" time="13.969" classname="com.facebookPom.pages.Drag_Drop"/>
</testsuite> <!-- com.facebookPom.pages.Drag_Drop -->
