<?xml version="1.0" encoding="UTF-8"?>
<!-- Generated by org.testng.reporters.JUnitReportReporter -->
<testsuite hostname="USHYDLTATAVAR1" name="com.facebook.Testcases.VerifyAlertclass" tests="1" failures="0" timestamp="31 Aug 2019 08:53:50 GMT" time="6.489" errors="0">
  <testcase name="TestAlert" time="6.489" classname="com.facebook.Testcases.VerifyAlertclass"/>
</testsuite> <!-- com.facebook.Testcases.VerifyAlertclass -->
