<?xml version="1.0" encoding="UTF-8"?>
<!-- Generated by org.testng.reporters.JUnitReportReporter -->
<testsuite hostname="USHYDLTATAVAR1" name="com.facebook.Testcases.VerifyFacebookLogin" tests="1" failures="0" timestamp="26 Jul 2019 15:58:49 GMT" time="117.259" errors="0">
  <testcase name="verifyValidLogin" time="117.259" classname="com.facebook.Testcases.VerifyFacebookLogin"/>
</testsuite> <!-- com.facebook.Testcases.VerifyFacebookLogin -->
