<?xml version="1.0" encoding="UTF-8"?>
<!-- Generated by org.testng.reporters.JUnitReportReporter -->
<testsuite hostname="USHYDLTATAVAR1" name="com.facebook.Testcases.VerifyHomePage" tests="1" failures="0" timestamp="1 Sep 2019 14:31:15 GMT" time="10.545" errors="0">
  <testcase name="verifyHomePage" time="10.545" classname="com.facebook.Testcases.VerifyHomePage"/>
</testsuite> <!-- com.facebook.Testcases.VerifyHomePage -->
